<?xml version="1.0" encoding="UTF-8"?>
<!-- Generated by org.testng.reporters.JUnitReportReporter -->
<testsuite hostname="Raja" failures="0" tests="1" name="TestCases.LoginTest" time="8.253" errors="0" timestamp="2024-02-21T12:01:41 IST" skipped="0">
  <testcase classname="TestCases.LoginTest" name="loginToApplication" time="8.253"/>
  <system-out/>
</testsuite> <!-- TestCases.LoginTest -->
