<?xml version="1.0" encoding="UTF-8"?>
<!-- Generated by org.testng.reporters.JUnitReportReporter -->
<testsuite skipped="0" hostname="Raja" name="TestCases.CreateCourse" tests="1" failures="0" timestamp="2023-06-13T16:09:51 IST" time="15.934" errors="0">
  <testcase name="login" time="15.934" classname="TestCases.CreateCourse"/>
  <system-out/>
</testsuite> <!-- TestCases.CreateCourse -->
